[lmpixels.com/demo/leven-html-new/light/index.html]
[backblue.gif]
[fade.gif]
[index.html]
[lmpixels.com/demo/leven-html-new/light/favicon.ico]
[lmpixels.com/demo/leven-html-new/light/css/normalize.css]
[lmpixels.com/demo/leven-html-new/light/css/bootstrap.min.css]
[lmpixels.com/demo/leven-html-new/light/css/owl.carousel.css]
[lmpixels.com/demo/leven-html-new/light/css/magnific-popup.css]
[lmpixels.com/demo/leven-html-new/light/css/main.css]
[lmpixels.com/demo/leven-html-new/light/js/modernizr.custom.js]
[lmpixels.com/demo/leven-html-new/light/index-2.html]
[lmpixels.com/demo/leven-html-new/light/resume.html]
[lmpixels.com/demo/leven-html-new/light/portfolio.html]
[lmpixels.com/demo/leven-html-new/light/portfolio-2-columns.html]
[lmpixels.com/demo/leven-html-new/light/portfolio-4-columns.html]
[lmpixels.com/demo/leven-html-new/light/portfolio-5-columns.html]
[lmpixels.com/demo/leven-html-new/light/blog.html]
[lmpixels.com/demo/leven-html-new/light/blog-3-columns.html]
[lmpixels.com/demo/leven-html-new/light/contact.html]
[lmpixels.com/demo/leven-html-new/light/img/main_photo.jpg]
[lmpixels.com/demo/leven-html-new/light/img/testimonials/testimonial-1.jpg]
[lmpixels.com/demo/leven-html-new/light/img/testimonials/testimonial-2.jpg]
[lmpixels.com/demo/leven-html-new/light/img/testimonials/testimonial-3.jpg]
[lmpixels.com/demo/leven-html-new/light/img/clients/client-1.png]
[lmpixels.com/demo/leven-html-new/light/img/clients/client-2.png]
[lmpixels.com/demo/leven-html-new/light/img/clients/client-3.png]
[lmpixels.com/demo/leven-html-new/light/img/clients/client-4.png]
[lmpixels.com/demo/leven-html-new/light/img/clients/client-5.png]
[lmpixels.com/demo/leven-html-new/light/img/clients/client-6.png]
[lmpixels.com/demo/leven-html-new/light/img/clients/client-7.png]
[lmpixels.com/demo/leven-html-new/light/js/jquery-2.1.3.min.js]
[lmpixels.com/demo/leven-html-new/light/js/imagesloaded.pkgd.min.js]
[www.google.com/recaptcha/api.js]
[lmpixels.com/demo/leven-html-new/light/js/bootstrap.min.js]
[lmpixels.com/demo/leven-html-new/light/js/jquery.shuffle.min.js]
[lmpixels.com/demo/leven-html-new/light/js/masonry.pkgd.min.js]
[lmpixels.com/demo/leven-html-new/light/js/owl.carousel.min.js]
[lmpixels.com/demo/leven-html-new/light/js/jquery.magnific-popup.min.js]
[lmpixels.com/demo/leven-html-new/light/js/jquery.googlemap.js]
[lmpixels.com/demo/leven-html-new/light/js/validator.js]
[lmpixels.com/demo/leven-html-new/light/index.html]
[lmpixels.com/demo/leven-html-new/light/css/normalize.css]
[lmpixels.com/demo/leven-html-new/light/css/bootstrap.min.css]
[lmpixels.com/demo/leven-html-new/light/js/main.js]
[lmpixels.com/demo/leven-html-new/light/css/owl.carousel.css]
[lmpixels.com/demo/leven-html-new/light/css/magnific-popup.css]
[lmpixels.com/demo/leven-html-new/light/css/fonts/linear-icons-font/style.css]
[lmpixels.com/demo/leven-html-new/light/css/fonts/fontawesome-free-5.12.1-web/css/all.min.css]
[lmpixels.com/demo/leven-html-new/light/css/fonts/linecons/style.css]
[lmpixels.com/demo/leven-html-new/light/img/main_bg.png]
[lmpixels.com/demo/leven-html-new/light/css/main.css]
[lmpixels.com/demo/leven-html-new/light/index-2.html]
[lmpixels.com/wp/leven-wp/wp-content/uploads/2019/11/1.jpg]
[lmpixels.com/wp/leven-wp/wp-content/uploads/2019/12/client-1.png]
[lmpixels.com/demo/leven-html-new/light/resume.html]
[lmpixels.com/demo/leven-html-new/light/img/portfolio/1.jpg]
[lmpixels.com/demo/leven-html-new/light/portfolio-project-2.html]
[lmpixels.com/demo/leven-html-new/light/img/portfolio/2.jpg]
[lmpixels.com/demo/leven-html-new/light/img/portfolio/3.jpg]
[lmpixels.com/demo/leven-html-new/light/img/portfolio/full/3.jpg]
[lmpixels.com/demo/leven-html-new/light/img/portfolio/4.jpg]
[lmpixels.com/demo/leven-html-new/light/img/portfolio/5.jpg]
[lmpixels.com/demo/leven-html-new/light/img/portfolio/6.jpg]
[lmpixels.com/demo/leven-html-new/light/img/portfolio/7.jpg]
[lmpixels.com/demo/leven-html-new/light/portfolio-project-1.html]
[lmpixels.com/demo/leven-html-new/light/img/portfolio/8.jpg]
[lmpixels.com/demo/leven-html-new/light/img/portfolio/9.jpg]
[lmpixels.com/demo/leven-html-new/light/img/portfolio/full/5.jpg]
[lmpixels.com/demo/leven-html-new/light/portfolio.html]
[lmpixels.com/demo/leven-html-new/light/portfolio-2-columns.html]
[lmpixels.com/demo/leven-html-new/light/portfolio-4-columns.html]
[lmpixels.com/demo/leven-html-new/light/portfolio-5-columns.html]
[lmpixels.com/demo/leven-html-new/light/blog-post-1.html]
[lmpixels.com/demo/leven-html-new/light/img/blog/blog_post_1.jpg]
[lmpixels.com/demo/leven-html-new/light/img/blog/blog_post_2.jpg]
[lmpixels.com/demo/leven-html-new/light/img/blog/blog_post_3.jpg]
[lmpixels.com/demo/leven-html-new/light/img/blog/blog_post_4.jpg]
[lmpixels.com/demo/leven-html-new/light/img/blog/blog_post_5.jpg]
[lmpixels.com/demo/leven-html-new/light/img/blog/blog_post_6.jpg]
[lmpixels.com/demo/leven-html-new/light/blog.html]
[lmpixels.com/demo/leven-html-new/light/blog-3-columns.html]
[lmpixels.com/demo/leven-html-new/light/contact.html]
[lmpixels.com/cdn-cgi/scripts/5c5dd728/cloudflare-static/email-decode.min.js]
[lmpixels.com/demo/leven-html-new/light/css/fonts/linear-icons-font/fonts/Linearicons-Free54e9.eot]
[lmpixels.com/demo/leven-html-new/light/css/fonts/linear-icons-font/fonts/Linearicons-Free54e9.woff2]
[lmpixels.com/demo/leven-html-new/light/css/fonts/linear-icons-font/fonts/Linearicons-Freed41d.eot]
[lmpixels.com/demo/leven-html-new/light/css/fonts/linear-icons-font/fonts/Linearicons-Free54e9.woff]
[lmpixels.com/demo/leven-html-new/light/css/fonts/linear-icons-font/fonts/Linearicons-Free54e9.ttf]
[lmpixels.com/demo/leven-html-new/light/css/fonts/linear-icons-font/style.css]
[lmpixels.com/demo/leven-html-new/light/css/fonts/linear-icons-font/fonts/Linearicons-Free54e9.svg]
[lmpixels.com/demo/leven-html-new/light/css/fonts/fontawesome-free-5.12.1-web/webfonts/fa-brands-400.eot]
[lmpixels.com/demo/leven-html-new/light/css/fonts/fontawesome-free-5.12.1-web/webfonts/fa-brands-400d41d.eot]
[lmpixels.com/demo/leven-html-new/light/css/fonts/fontawesome-free-5.12.1-web/webfonts/fa-brands-400.woff2]
[lmpixels.com/demo/leven-html-new/light/css/fonts/fontawesome-free-5.12.1-web/webfonts/fa-brands-400.woff]
[lmpixels.com/demo/leven-html-new/light/css/fonts/fontawesome-free-5.12.1-web/webfonts/fa-brands-400.ttf]
[lmpixels.com/demo/leven-html-new/light/css/fonts/fontawesome-free-5.12.1-web/webfonts/fa-brands-400.svg]
[lmpixels.com/demo/leven-html-new/light/css/fonts/fontawesome-free-5.12.1-web/webfonts/fa-regular-400.eot]
[lmpixels.com/demo/leven-html-new/light/css/fonts/fontawesome-free-5.12.1-web/webfonts/fa-regular-400d41d.eot]
[lmpixels.com/demo/leven-html-new/light/css/fonts/fontawesome-free-5.12.1-web/webfonts/fa-regular-400.woff2]
[lmpixels.com/demo/leven-html-new/light/css/fonts/fontawesome-free-5.12.1-web/webfonts/fa-regular-400.woff]
[lmpixels.com/demo/leven-html-new/light/css/fonts/fontawesome-free-5.12.1-web/webfonts/fa-regular-400.ttf]
[lmpixels.com/demo/leven-html-new/light/css/fonts/fontawesome-free-5.12.1-web/webfonts/fa-regular-400.svg]
[lmpixels.com/demo/leven-html-new/light/css/fonts/fontawesome-free-5.12.1-web/webfonts/fa-solid-900.eot]
[lmpixels.com/demo/leven-html-new/light/css/fonts/fontawesome-free-5.12.1-web/webfonts/fa-solid-900.woff2]
[lmpixels.com/demo/leven-html-new/light/css/fonts/fontawesome-free-5.12.1-web/webfonts/fa-solid-900d41d.eot]
[lmpixels.com/demo/leven-html-new/light/css/fonts/fontawesome-free-5.12.1-web/webfonts/fa-solid-900.woff]
[lmpixels.com/demo/leven-html-new/light/css/fonts/fontawesome-free-5.12.1-web/webfonts/fa-solid-900.ttf]
[lmpixels.com/demo/leven-html-new/light/css/fonts/fontawesome-free-5.12.1-web/css/all.min.css]
[lmpixels.com/demo/leven-html-new/light/css/fonts/linecons/style.css]
[lmpixels.com/demo/leven-html-new/light/css/fonts/linecons/fonts/linecons.eot]
[lmpixels.com/demo/leven-html-new/light/portfolio-project-3.html]
[lmpixels.com/demo/leven-html-new/light/css/fonts/fontawesome-free-5.12.1-web/webfonts/fa-solid-900.svg]
[lmpixels.com/demo/leven-html-new/light/img/portfolio/full/1.jpg]
[lmpixels.com/demo/leven-html-new/light/img/portfolio/full/2.jpg]
[lmpixels.com/demo/leven-html-new/light/portfolio-project-2.html]
[lmpixels.com/demo/leven-html-new/light/portfolio-project-1.html]
[lmpixels.com/demo/leven-html-new/light/img/blog/blog_post_1_full.jpg]
[lmpixels.com/demo/leven-html-new/light/img/blog/blog_post_2_full.jpg]
[lmpixels.com/demo/leven-html-new/light/blog-post-1.html]
[lmpixels.com/demo/leven-html-new/light/css/fonts/linear-icons-font/fonts/Linearicons-Free54e9.svg]
[lmpixels.com/demo/leven-html-new/light/css/fonts/fontawesome-free-5.12.1-web/webfonts/fa-brands-400.svg]
[lmpixels.com/demo/leven-html-new/light/css/fonts/fontawesome-free-5.12.1-web/webfonts/fa-regular-400.svg]
[lmpixels.com/demo/leven-html-new/light/css/fonts/fontawesome-free-5.12.1-web/webfonts/fa-solid-900.svg]
[lmpixels.com/demo/leven-html-new/light/portfolio-project-3.html]
